Using pre-set license
Built from '2020.3/staging' branch; Version is '2020.3.26f1 (7298b473bc1a) revision 7510196'; Using compiler version '192528614'; Build Type 'Release'
OS: 'Windows 11  (10.0.22621) 64bit Professional' Language: 'en' Physical Memory: 8071 MB
BatchMode: 1, IsHumanControllingUs: 0, StartBugReporterOnCrash: 0, Is64bit: 1, IsPro: 0

COMMAND LINE ARGUMENTS:
C:\Program Files\Unity\Hub\Editor\2020.3.26f1\Editor\Unity.exe
-adb2
-batchMode
-noUpm
-name
AssetImportWorker1
-projectPath
G:/GIt/ShibaInCoin
-logFile
Logs/AssetImportWorker1.log
-srvPort
63342
Successfully changed project path to: G:/GIt/ShibaInCoin
G:/GIt/ShibaInCoin
Using Asset Import Pipeline V2.
Refreshing native plugins compatible for Editor in 125.65 ms, found 2 plugins.
Preloading 0 native plugins for Editor in 0.00 ms.
Initialize engine version: 2020.3.26f1 (7298b473bc1a)
[Subsystems] Discovering subsystems at path C:/Program Files/Unity/Hub/Editor/2020.3.26f1/Editor/Data/Resources/UnitySubsystems
[Subsystems] Discovering subsystems at path G:/GIt/ShibaInCoin/Assets
GfxDevice: creating device client; threaded=0
Direct3D:
    Version:  Direct3D 11.0 [level 11.1]
    Renderer: Intel(R) HD Graphics Family (ID=0xa16)
    Vendor:   
    VRAM:     2048 MB
    Driver:   20.19.15.5126
Initialize mono
Mono path[0] = 'C:/Program Files/Unity/Hub/Editor/2020.3.26f1/Editor/Data/Managed'
Mono path[1] = 'C:/Program Files/Unity/Hub/Editor/2020.3.26f1/Editor/Data/MonoBleedingEdge/lib/mono/unityjit'
Mono config path = 'C:/Program Files/Unity/Hub/Editor/2020.3.26f1/Editor/Data/MonoBleedingEdge/etc'
Using monoOptions --debugger-agent=transport=dt_socket,embedding=1,server=y,suspend=n,address=127.0.0.1:56620
Begin MonoManager ReloadAssembly
Registering precompiled unity dll's ...
Register platform support module: C:/Program Files/Unity/Hub/Editor/2020.3.26f1/Editor/Data/PlaybackEngines/WindowsStandaloneSupport/UnityEditor.WindowsStandalone.Extensions.dll
Registered in 0.003036 seconds.
Native extension for WindowsStandalone target not found
Refreshing native plugins compatible for Editor in 105.39 ms, found 2 plugins.
Preloading 0 native plugins for Editor in 0.00 ms.
Mono: successfully reloaded assembly
- Completed reload, in  1.499 seconds
Domain Reload Profiling:
	ReloadAssembly (1499ms)
		BeginReloadAssembly (128ms)
			ExecutionOrderSort (0ms)
			DisableScriptedObjects (0ms)
			BackupInstance (0ms)
			ReleaseScriptingObjects (0ms)
			CreateAndSetChildDomain (1ms)
		EndReloadAssembly (1182ms)
			LoadAssemblies (124ms)
			RebuildTransferFunctionScriptingTraits (0ms)
			SetupTypeCache (456ms)
			ReleaseScriptCaches (0ms)
			RebuildScriptCaches (83ms)
			SetupLoadedEditorAssemblies (406ms)
				LogAssemblyErrors (0ms)
				InitializePlatformSupportModulesInManaged (11ms)
				SetLoadedEditorAssemblies (0ms)
				RefreshPlugins (105ms)
				BeforeProcessingInitializeOnLoad (32ms)
				ProcessInitializeOnLoadAttributes (181ms)
				ProcessInitializeOnLoadMethodAttributes (75ms)
				AfterProcessingInitializeOnLoad (0ms)
				EditorAssembliesLoaded (1ms)
			ExecutionOrderSort2 (0ms)
			AwakeInstancesAfterBackupRestoration (0ms)
Platform modules already initialized, skipping
Registering precompiled user dll's ...
Registered in 0.006849 seconds.
Begin MonoManager ReloadAssembly
Native extension for WindowsStandalone target not found
Refreshing native plugins compatible for Editor in 1.43 ms, found 2 plugins.
Preloading 0 native plugins for Editor in 0.00 ms.
Mono: successfully reloaded assembly
- Completed reload, in  2.864 seconds
Domain Reload Profiling:
	ReloadAssembly (2876ms)
		BeginReloadAssembly (481ms)
			ExecutionOrderSort (0ms)
			DisableScriptedObjects (9ms)
			BackupInstance (0ms)
			ReleaseScriptingObjects (0ms)
			CreateAndSetChildDomain (45ms)
		EndReloadAssembly (2250ms)
			LoadAssemblies (242ms)
			RebuildTransferFunctionScriptingTraits (0ms)
			SetupTypeCache (714ms)
			ReleaseScriptCaches (1ms)
			RebuildScriptCaches (119ms)
			SetupLoadedEditorAssemblies (982ms)
				LogAssemblyErrors (0ms)
				InitializePlatformSupportModulesInManaged (9ms)
				SetLoadedEditorAssemblies (1ms)
				RefreshPlugins (2ms)
				BeforeProcessingInitializeOnLoad (213ms)
				ProcessInitializeOnLoadAttributes (715ms)
				ProcessInitializeOnLoadMethodAttributes (29ms)
				AfterProcessingInitializeOnLoad (13ms)
				EditorAssembliesLoaded (1ms)
			ExecutionOrderSort2 (0ms)
			AwakeInstancesAfterBackupRestoration (19ms)
Platform modules already initialized, skipping
========================================================================
Worker process is ready to serve import requests
Launched and connected shader compiler UnityShaderCompiler.exe after 0.20 seconds
Refreshing native plugins compatible for Editor in 1.52 ms, found 2 plugins.
Preloading 0 native plugins for Editor in 0.00 ms.
Unloading 1650 Unused Serialized files (Serialized files now loaded: 0)
System memory in use before: 73.0 MB.
System memory in use after: 73.1 MB.

Unloading 34 unused Assets to reduce memory usage. Loaded Objects now: 2070.
Total: 5.694900 ms (FindLiveObjects: 0.408300 ms CreateObjectMapping: 0.284300 ms MarkObjects: 4.850000 ms  DeleteObjects: 0.148600 ms)

AssetImportParameters requested are different than current active one (requested -> active):
  custom:framework-win-MediaFoundation: 216162199b28c13a410421893ffa2e32 -> 
  custom:video-decoder-ogg-theora: a1e56fd34408186e4bbccfd4996cb3dc -> 
  custom:container-muxer-webm: aa71ff27fc2769a1b78a27578f13a17b -> 
  custom:container-demuxer-webm: 4f35f7cbe854078d1ac9338744f61a02 -> 
  custom:container-demuxer-ogg: 62fdf1f143b41e24485cea50d1cbac27 -> 
  custom:video-encoder-webm-vp8: eb34c28f22e8b96e1ab97ce403110664 -> 
  custom:video-decoder-webm-vp8: 9c59270c3fd7afecdb556c50c9e8de78 -> 
  custom:audio-decoder-ogg-vorbis: bf7c407c2cedff20999df2af8eb42d56 -> 
  custom:audio-encoder-webm-vorbis: bf7c407c2cedff20999df2af8eb42d56 -> 
========================================================================
Received Import Request.
  path: Assets/_shibaFaces/cap.png
  artifactKey: Guid(21800fff4ab007c428d5091abebdd213) Importer(815301076,1909f56bfc062723c751e8b465ee728b)
Start importing Assets/_shibaFaces/cap.png using Guid(21800fff4ab007c428d5091abebdd213) Importer(815301076,1909f56bfc062723c751e8b465ee728b)  -> (artifact id: 'f90922a2b018be80a4094a6f09de704c') in 0.267290 seconds 
  Import took 0.292296 seconds .

========================================================================
Received Import Request.
  Time since last request: 0.000386 seconds.
  path: Assets/_shibaFaces/pirate.png
  artifactKey: Guid(a2b8bece109cdc64d966d8ba4e5694fe) Importer(815301076,1909f56bfc062723c751e8b465ee728b)
Start importing Assets/_shibaFaces/pirate.png using Guid(a2b8bece109cdc64d966d8ba4e5694fe) Importer(815301076,1909f56bfc062723c751e8b465ee728b)  -> (artifact id: '35dd4fca56e6d035abbbaec21d288d65') in 0.059052 seconds 
  Import took 0.085428 seconds .

========================================================================
Received Import Request.
  Time since last request: 0.000380 seconds.
  path: Assets/_shibaFaces/uncle.png
  artifactKey: Guid(9aeb0ae0d2376aa4486c7b28ee76bed2) Importer(815301076,1909f56bfc062723c751e8b465ee728b)
Start importing Assets/_shibaFaces/uncle.png using Guid(9aeb0ae0d2376aa4486c7b28ee76bed2) Importer(815301076,1909f56bfc062723c751e8b465ee728b)  -> (artifact id: 'dbfa0f5e5aa2280f24c8baec10366a53') in 0.071928 seconds 
  Import took 0.103387 seconds .

========================================================================
Received Import Request.
  Time since last request: 0.000432 seconds.
  path: Assets/_shibaFaces/funky.png
  artifactKey: Guid(dd0f7f22675ddba4ca712c0712292586) Importer(815301076,1909f56bfc062723c751e8b465ee728b)
Start importing Assets/_shibaFaces/funky.png using Guid(dd0f7f22675ddba4ca712c0712292586) Importer(815301076,1909f56bfc062723c751e8b465ee728b)  -> (artifact id: '4b1edd90b6e6987a59b55caf1e31dc3a') in 0.073582 seconds 
  Import took 0.099895 seconds .

========================================================================
Received Import Request.
  Time since last request: 0.000415 seconds.
  path: Assets/_shibaFaces/winter.png
  artifactKey: Guid(e135b1f88b4948e4fbaabf9dcf8d237b) Importer(815301076,1909f56bfc062723c751e8b465ee728b)
Start importing Assets/_shibaFaces/winter.png using Guid(e135b1f88b4948e4fbaabf9dcf8d237b) Importer(815301076,1909f56bfc062723c751e8b465ee728b)  -> (artifact id: '173b95a0342c0f5a12a8d97c97b7678d') in 0.072489 seconds 
  Import took 0.087600 seconds .

========================================================================
Received Import Request.
  Time since last request: 0.000960 seconds.
  path: Assets/_shibaFaces/devil.png
  artifactKey: Guid(8fc9771fc869b64449c14886f6a41921) Importer(815301076,1909f56bfc062723c751e8b465ee728b)
Start importing Assets/_shibaFaces/devil.png using Guid(8fc9771fc869b64449c14886f6a41921) Importer(815301076,1909f56bfc062723c751e8b465ee728b)  -> (artifact id: 'ac5543b78702a768ff12ade855b33e6a') in 0.062256 seconds 
  Import took 0.110019 seconds .

========================================================================
Received Import Request.
  Time since last request: 9.550544 seconds.
  path: Assets/_shibaFaces/cap.png
  artifactKey: Guid(21800fff4ab007c428d5091abebdd213) Importer(815301076,1909f56bfc062723c751e8b465ee728b)
Start importing Assets/_shibaFaces/cap.png using Guid(21800fff4ab007c428d5091abebdd213) Importer(815301076,1909f56bfc062723c751e8b465ee728b)  -> (artifact id: '34e7cd92775986857b755106e74a9d0f') in 0.121951 seconds 
  Import took 0.136248 seconds .

========================================================================
Received Import Request.
  Time since last request: 0.000371 seconds.
  path: Assets/_shibaFaces/pirate.png
  artifactKey: Guid(a2b8bece109cdc64d966d8ba4e5694fe) Importer(815301076,1909f56bfc062723c751e8b465ee728b)
Start importing Assets/_shibaFaces/pirate.png using Guid(a2b8bece109cdc64d966d8ba4e5694fe) Importer(815301076,1909f56bfc062723c751e8b465ee728b)  -> (artifact id: '9d1f44ab6d30a51e5369c4cb5b0fc3b1') in 0.057768 seconds 
  Import took 0.078267 seconds .

========================================================================
Received Import Request.
  Time since last request: 0.000297 seconds.
  path: Assets/_shibaFaces/uncle.png
  artifactKey: Guid(9aeb0ae0d2376aa4486c7b28ee76bed2) Importer(815301076,1909f56bfc062723c751e8b465ee728b)
Start importing Assets/_shibaFaces/uncle.png using Guid(9aeb0ae0d2376aa4486c7b28ee76bed2) Importer(815301076,1909f56bfc062723c751e8b465ee728b)  -> (artifact id: 'd75a5a8ca853e4007bd0de659967b9d3') in 0.065771 seconds 
  Import took 0.077359 seconds .

========================================================================
Received Import Request.
  Time since last request: 0.000356 seconds.
  path: Assets/_shibaFaces/funky.png
  artifactKey: Guid(dd0f7f22675ddba4ca712c0712292586) Importer(815301076,1909f56bfc062723c751e8b465ee728b)
Start importing Assets/_shibaFaces/funky.png using Guid(dd0f7f22675ddba4ca712c0712292586) Importer(815301076,1909f56bfc062723c751e8b465ee728b)  -> (artifact id: '644ba8b425a97d4bd83e7f843085629a') in 0.066762 seconds 
  Import took 0.073082 seconds .

========================================================================
Received Import Request.
  Time since last request: 0.000303 seconds.
  path: Assets/_shibaFaces/winter.png
  artifactKey: Guid(e135b1f88b4948e4fbaabf9dcf8d237b) Importer(815301076,1909f56bfc062723c751e8b465ee728b)
Start importing Assets/_shibaFaces/winter.png using Guid(e135b1f88b4948e4fbaabf9dcf8d237b) Importer(815301076,1909f56bfc062723c751e8b465ee728b)  -> (artifact id: '40e9b503058023b42ca3031876649f9c') in 0.077239 seconds 
  Import took 0.099436 seconds .

========================================================================
Received Import Request.
  Time since last request: 0.000366 seconds.
  path: Assets/_shibaFaces/devil.png
  artifactKey: Guid(8fc9771fc869b64449c14886f6a41921) Importer(815301076,1909f56bfc062723c751e8b465ee728b)
Start importing Assets/_shibaFaces/devil.png using Guid(8fc9771fc869b64449c14886f6a41921) Importer(815301076,1909f56bfc062723c751e8b465ee728b)  -> (artifact id: '282627641c1623a6155dbb5ed48490dc') in 0.057194 seconds 
  Import took 0.070657 seconds .

========================================================================
Received Import Request.
  Time since last request: 584.662111 seconds.
  path: Assets/_shibaFaces/1.png
  artifactKey: Guid(21800fff4ab007c428d5091abebdd213) Importer(815301076,1909f56bfc062723c751e8b465ee728b)
Start importing Assets/_shibaFaces/1.png using Guid(21800fff4ab007c428d5091abebdd213) Importer(815301076,1909f56bfc062723c751e8b465ee728b)  -> (artifact id: 'cce871c3d2f96a26954056e11ea021c4') in 0.081586 seconds 
  Import took 0.103732 seconds .

========================================================================
Received Import Request.
  Time since last request: 7.919071 seconds.
  path: Assets/_shibaFaces/2.png
  artifactKey: Guid(9aeb0ae0d2376aa4486c7b28ee76bed2) Importer(815301076,1909f56bfc062723c751e8b465ee728b)
Start importing Assets/_shibaFaces/2.png using Guid(9aeb0ae0d2376aa4486c7b28ee76bed2) Importer(815301076,1909f56bfc062723c751e8b465ee728b)  -> (artifact id: '62ad70915fe4581a03f1bb2897d526f2') in 0.065807 seconds 
  Import took 0.088940 seconds .

========================================================================
Received Import Request.
  Time since last request: 5.432585 seconds.
  path: Assets/_shibaFaces/3.png
  artifactKey: Guid(8fc9771fc869b64449c14886f6a41921) Importer(815301076,1909f56bfc062723c751e8b465ee728b)
Start importing Assets/_shibaFaces/3.png using Guid(8fc9771fc869b64449c14886f6a41921) Importer(815301076,1909f56bfc062723c751e8b465ee728b)  -> (artifact id: '52cb5bd3e45a06add49a8849ba38f19c') in 0.077387 seconds 
  Import took 0.100035 seconds .

========================================================================
Received Import Request.
  Time since last request: 3.695412 seconds.
  path: Assets/_shibaFaces/4.png
  artifactKey: Guid(dd0f7f22675ddba4ca712c0712292586) Importer(815301076,1909f56bfc062723c751e8b465ee728b)
Start importing Assets/_shibaFaces/4.png using Guid(dd0f7f22675ddba4ca712c0712292586) Importer(815301076,1909f56bfc062723c751e8b465ee728b)  -> (artifact id: '04b8349006da8e94a8d802898e21fa80') in 0.072801 seconds 
  Import took 0.089259 seconds .

========================================================================
Received Import Request.
  Time since last request: 10.985460 seconds.
  path: Assets/_shibaFaces/5.png
  artifactKey: Guid(e135b1f88b4948e4fbaabf9dcf8d237b) Importer(815301076,1909f56bfc062723c751e8b465ee728b)
Start importing Assets/_shibaFaces/5.png using Guid(e135b1f88b4948e4fbaabf9dcf8d237b) Importer(815301076,1909f56bfc062723c751e8b465ee728b)  -> (artifact id: '73bf290161b6aeab83960ec55ebe3e43') in 0.075091 seconds 
  Import took 0.090860 seconds .

========================================================================
Received Import Request.
  Time since last request: 3.506101 seconds.
  path: Assets/_shibaFaces/6.png
  artifactKey: Guid(a2b8bece109cdc64d966d8ba4e5694fe) Importer(815301076,1909f56bfc062723c751e8b465ee728b)
Start importing Assets/_shibaFaces/6.png using Guid(a2b8bece109cdc64d966d8ba4e5694fe) Importer(815301076,1909f56bfc062723c751e8b465ee728b)  -> (artifact id: '2e81d224da48513fb0f120c63b0cf7c9') in 0.055172 seconds 
  Import took 0.079719 seconds .

========================================================================
Received Import Request.
  Time since last request: 15.629243 seconds.
  path: Assets/_Scenes/Play.unity
  artifactKey: Guid(efc116c0c04d4b6468e9648ccb57d139) Importer(815301076,1909f56bfc062723c751e8b465ee728b)
Start importing Assets/_Scenes/Play.unity using Guid(efc116c0c04d4b6468e9648ccb57d139) Importer(815301076,1909f56bfc062723c751e8b465ee728b)  -> (artifact id: '081f2607af9648672542a521950a3e39') in 0.029358 seconds 
  Import took 0.069429 seconds .

========================================================================
Received Import Request.
  Time since last request: 816.502147 seconds.
  path: Assets/_Scenes/MainMenu.unity
  artifactKey: Guid(a2a7098d3b2cebb4abd7dab1c728a679) Importer(815301076,1909f56bfc062723c751e8b465ee728b)
Start importing Assets/_Scenes/MainMenu.unity using Guid(a2a7098d3b2cebb4abd7dab1c728a679) Importer(815301076,1909f56bfc062723c751e8b465ee728b)  -> (artifact id: '508abadec20744a99214e7d53e618bf9') in 0.049827 seconds 
  Import took 0.093077 seconds .

========================================================================
Received Prepare
Registering precompiled user dll's ...
Registered in 0.007559 seconds.
Begin MonoManager ReloadAssembly
Native extension for WindowsStandalone target not found
Refreshing native plugins compatible for Editor in 1.46 ms, found 2 plugins.
Preloading 0 native plugins for Editor in 0.00 ms.
Mono: successfully reloaded assembly
- Completed reload, in 17.785 seconds
Domain Reload Profiling:
	ReloadAssembly (17786ms)
		BeginReloadAssembly (300ms)
			ExecutionOrderSort (0ms)
			DisableScriptedObjects (11ms)
			BackupInstance (0ms)
			ReleaseScriptingObjects (0ms)
			CreateAndSetChildDomain (127ms)
		EndReloadAssembly (17330ms)
			LoadAssemblies (206ms)
			RebuildTransferFunctionScriptingTraits (0ms)
			SetupTypeCache (7910ms)
			ReleaseScriptCaches (1ms)
			RebuildScriptCaches (1490ms)
			SetupLoadedEditorAssemblies (3866ms)
				LogAssemblyErrors (0ms)
				InitializePlatformSupportModulesInManaged (44ms)
				SetLoadedEditorAssemblies (3ms)
				RefreshPlugins (2ms)
				BeforeProcessingInitializeOnLoad (1008ms)
				ProcessInitializeOnLoadAttributes (2597ms)
				ProcessInitializeOnLoadMethodAttributes (81ms)
				AfterProcessingInitializeOnLoad (94ms)
				EditorAssembliesLoaded (37ms)
			ExecutionOrderSort2 (0ms)
			AwakeInstancesAfterBackupRestoration (170ms)
Platform modules already initialized, skipping
Switching build target platform(19) subTarget(0) extendedPlatform(0) -> platform(13) subTarget(537395200) extendedPlatform(0)
Refreshing native plugins compatible for Editor in 2.59 ms, found 2 plugins.
Preloading 0 native plugins for Editor in 0.00 ms.
Unloading 1647 Unused Serialized files (Serialized files now loaded: 0)
System memory in use before: 75.9 MB.
System memory in use after: 76.0 MB.

Unloading 29 unused Assets to reduce memory usage. Loaded Objects now: 2089.
Total: 17.577100 ms (FindLiveObjects: 0.338900 ms CreateObjectMapping: 0.614000 ms MarkObjects: 14.760500 ms  DeleteObjects: 1.857200 ms)

AssetImportParameters requested are different than current active one (requested -> active):
  custom:framework-win-MediaFoundation: 216162199b28c13a410421893ffa2e32 -> 
  custom:video-decoder-ogg-theora: a1e56fd34408186e4bbccfd4996cb3dc -> 
  custom:container-muxer-webm: aa71ff27fc2769a1b78a27578f13a17b -> 
  custom:container-demuxer-webm: 4f35f7cbe854078d1ac9338744f61a02 -> 
  custom:container-demuxer-ogg: 62fdf1f143b41e24485cea50d1cbac27 -> 
  custom:video-encoder-webm-vp8: eb34c28f22e8b96e1ab97ce403110664 -> 
  custom:video-decoder-webm-vp8: 9c59270c3fd7afecdb556c50c9e8de78 -> 
  custom:graphics/normal-map-encoding: 01000000000000000000000000000000 -> 02000000000000000000000000000000
  custom:audio-decoder-ogg-vorbis: bf7c407c2cedff20999df2af8eb42d56 -> 
  custom:audio-encoder-webm-vorbis: bf7c407c2cedff20999df2af8eb42d56 -> 
========================================================================
Received Prepare
Registering precompiled user dll's ...
Registered in 0.321258 seconds.
Begin MonoManager ReloadAssembly
Native extension for WindowsStandalone target not found
Refreshing native plugins compatible for Editor in 0.90 ms, found 2 plugins.
Preloading 0 native plugins for Editor in 0.00 ms.
Mono: successfully reloaded assembly
- Completed reload, in  3.403 seconds
Domain Reload Profiling:
	ReloadAssembly (3437ms)
		BeginReloadAssembly (861ms)
			ExecutionOrderSort (0ms)
			DisableScriptedObjects (127ms)
			BackupInstance (0ms)
			ReleaseScriptingObjects (0ms)
			CreateAndSetChildDomain (374ms)
		EndReloadAssembly (2338ms)
			LoadAssemblies (561ms)
			RebuildTransferFunctionScriptingTraits (0ms)
			SetupTypeCache (806ms)
			ReleaseScriptCaches (1ms)
			RebuildScriptCaches (67ms)
			SetupLoadedEditorAssemblies (594ms)
				LogAssemblyErrors (0ms)
				InitializePlatformSupportModulesInManaged (11ms)
				SetLoadedEditorAssemblies (1ms)
				RefreshPlugins (1ms)
				BeforeProcessingInitializeOnLoad (129ms)
				ProcessInitializeOnLoadAttributes (415ms)
				ProcessInitializeOnLoadMethodAttributes (25ms)
				AfterProcessingInitializeOnLoad (11ms)
				EditorAssembliesLoaded (0ms)
			ExecutionOrderSort2 (0ms)
			AwakeInstancesAfterBackupRestoration (12ms)
Platform modules already initialized, skipping
Switching build target platform(19) subTarget(0) extendedPlatform(0) -> platform(13) subTarget(537395200) extendedPlatform(0)
Refreshing native plugins compatible for Editor in 1.47 ms, found 2 plugins.
Preloading 0 native plugins for Editor in 0.00 ms.
Unloading 1647 Unused Serialized files (Serialized files now loaded: 0)
System memory in use before: 75.9 MB.
System memory in use after: 76.1 MB.

Unloading 29 unused Assets to reduce memory usage. Loaded Objects now: 2091.
Total: 5.685700 ms (FindLiveObjects: 0.269700 ms CreateObjectMapping: 0.098700 ms MarkObjects: 5.141700 ms  DeleteObjects: 0.173300 ms)

AssetImportParameters requested are different than current active one (requested -> active):
  custom:framework-win-MediaFoundation: 216162199b28c13a410421893ffa2e32 -> 
  custom:video-decoder-ogg-theora: a1e56fd34408186e4bbccfd4996cb3dc -> 
  custom:container-muxer-webm: aa71ff27fc2769a1b78a27578f13a17b -> 
  custom:container-demuxer-webm: 4f35f7cbe854078d1ac9338744f61a02 -> 
  custom:container-demuxer-ogg: 62fdf1f143b41e24485cea50d1cbac27 -> 
  custom:video-encoder-webm-vp8: eb34c28f22e8b96e1ab97ce403110664 -> 
  custom:video-decoder-webm-vp8: 9c59270c3fd7afecdb556c50c9e8de78 -> 
  custom:graphics/normal-map-encoding: 01000000000000000000000000000000 -> 02000000000000000000000000000000
  custom:audio-decoder-ogg-vorbis: bf7c407c2cedff20999df2af8eb42d56 -> 
  custom:audio-encoder-webm-vorbis: bf7c407c2cedff20999df2af8eb42d56 -> 
========================================================================
Received Import Request.
  Time since last request: 5448.362833 seconds.
  path: Assets/_Scenes/Play.unity
  artifactKey: Guid(efc116c0c04d4b6468e9648ccb57d139) Importer(815301076,1909f56bfc062723c751e8b465ee728b)
Start importing Assets/_Scenes/Play.unity using Guid(efc116c0c04d4b6468e9648ccb57d139) Importer(815301076,1909f56bfc062723c751e8b465ee728b)  -> (artifact id: '9ffd806f752a2fbc354a1b7f8fdfb98f') in 0.041134 seconds 
  Import took 0.063248 seconds .

========================================================================
Received Import Request.
  Time since last request: 318.152446 seconds.
  path: Assets/_Scenes/Play.unity
  artifactKey: Guid(efc116c0c04d4b6468e9648ccb57d139) Importer(815301076,1909f56bfc062723c751e8b465ee728b)
Start importing Assets/_Scenes/Play.unity using Guid(efc116c0c04d4b6468e9648ccb57d139) Importer(815301076,1909f56bfc062723c751e8b465ee728b)  -> (artifact id: '0b8982613e4e7be6d2d0cf59b270e604') in 0.024543 seconds 
  Import took 0.042335 seconds .

========================================================================
Received Import Request.
  Time since last request: 28.134358 seconds.
  path: Assets/_Scenes/Play.unity
  artifactKey: Guid(efc116c0c04d4b6468e9648ccb57d139) Importer(815301076,1909f56bfc062723c751e8b465ee728b)
Start importing Assets/_Scenes/Play.unity using Guid(efc116c0c04d4b6468e9648ccb57d139) Importer(815301076,1909f56bfc062723c751e8b465ee728b)  -> (artifact id: 'a993cfcd15097390b243899c80e60c9b') in 0.029299 seconds 
  Import took 0.041791 seconds .

========================================================================
Received Prepare
Registering precompiled user dll's ...
Registered in 0.060728 seconds.
Begin MonoManager ReloadAssembly
Native extension for WindowsStandalone target not found
Refreshing native plugins compatible for Editor in 4.21 ms, found 2 plugins.
Preloading 0 native plugins for Editor in 0.00 ms.
Mono: successfully reloaded assembly
- Completed reload, in  5.787 seconds
Domain Reload Profiling:
	ReloadAssembly (5789ms)
		BeginReloadAssembly (461ms)
			ExecutionOrderSort (0ms)
			DisableScriptedObjects (33ms)
			BackupInstance (0ms)
			ReleaseScriptingObjects (0ms)
			CreateAndSetChildDomain (151ms)
		EndReloadAssembly (5131ms)
			LoadAssemblies (297ms)
			RebuildTransferFunctionScriptingTraits (0ms)
			SetupTypeCache (1048ms)
			ReleaseScriptCaches (2ms)
			RebuildScriptCaches (136ms)
			SetupLoadedEditorAssemblies (1658ms)
				LogAssemblyErrors (0ms)
				InitializePlatformSupportModulesInManaged (37ms)
				SetLoadedEditorAssemblies (9ms)
				RefreshPlugins (4ms)
				BeforeProcessingInitializeOnLoad (418ms)
				ProcessInitializeOnLoadAttributes (1089ms)
				ProcessInitializeOnLoadMethodAttributes (39ms)
				AfterProcessingInitializeOnLoad (61ms)
				EditorAssembliesLoaded (1ms)
			ExecutionOrderSort2 (0ms)
			AwakeInstancesAfterBackupRestoration (19ms)
Platform modules already initialized, skipping
Switching build target platform(19) subTarget(0) extendedPlatform(0) -> platform(13) subTarget(537395200) extendedPlatform(0)
Refreshing native plugins compatible for Editor in 1.50 ms, found 2 plugins.
Preloading 0 native plugins for Editor in 0.00 ms.
Unloading 1647 Unused Serialized files (Serialized files now loaded: 0)
System memory in use before: 76.0 MB.
System memory in use after: 76.1 MB.

Unloading 29 unused Assets to reduce memory usage. Loaded Objects now: 2093.
Total: 7.976900 ms (FindLiveObjects: 1.567700 ms CreateObjectMapping: 0.293100 ms MarkObjects: 6.058100 ms  DeleteObjects: 0.055900 ms)

AssetImportParameters requested are different than current active one (requested -> active):
  custom:framework-win-MediaFoundation: 216162199b28c13a410421893ffa2e32 -> 
  custom:video-decoder-ogg-theora: a1e56fd34408186e4bbccfd4996cb3dc -> 
  custom:container-muxer-webm: aa71ff27fc2769a1b78a27578f13a17b -> 
  custom:container-demuxer-webm: 4f35f7cbe854078d1ac9338744f61a02 -> 
  custom:container-demuxer-ogg: 62fdf1f143b41e24485cea50d1cbac27 -> 
  custom:video-encoder-webm-vp8: eb34c28f22e8b96e1ab97ce403110664 -> 
  custom:video-decoder-webm-vp8: 9c59270c3fd7afecdb556c50c9e8de78 -> 
  custom:graphics/normal-map-encoding: 01000000000000000000000000000000 -> 02000000000000000000000000000000
  custom:audio-decoder-ogg-vorbis: bf7c407c2cedff20999df2af8eb42d56 -> 
  custom:audio-encoder-webm-vorbis: bf7c407c2cedff20999df2af8eb42d56 -> 
========================================================================
Received Prepare
Refreshing native plugins compatible for Editor in 22.02 ms, found 2 plugins.
Preloading 0 native plugins for Editor in 0.00 ms.
Unloading 27 Unused Serialized files (Serialized files now loaded: 0)
System memory in use before: 44.0 MB.
System memory in use after: 44.1 MB.

Unloading 27 unused Assets to reduce memory usage. Loaded Objects now: 2093.
Total: 8.390300 ms (FindLiveObjects: 0.352700 ms CreateObjectMapping: 0.228000 ms MarkObjects: 7.706900 ms  DeleteObjects: 0.100100 ms)

AssetImportParameters requested are different than current active one (requested -> active):
  custom:framework-win-MediaFoundation: 216162199b28c13a410421893ffa2e32 -> 
  custom:video-decoder-ogg-theora: a1e56fd34408186e4bbccfd4996cb3dc -> 
  custom:container-muxer-webm: aa71ff27fc2769a1b78a27578f13a17b -> 
  custom:container-demuxer-webm: 4f35f7cbe854078d1ac9338744f61a02 -> 
  custom:container-demuxer-ogg: 62fdf1f143b41e24485cea50d1cbac27 -> 
  custom:video-encoder-webm-vp8: eb34c28f22e8b96e1ab97ce403110664 -> 
  custom:video-decoder-webm-vp8: 9c59270c3fd7afecdb556c50c9e8de78 -> 
  custom:audio-decoder-ogg-vorbis: bf7c407c2cedff20999df2af8eb42d56 -> 
  custom:audio-encoder-webm-vorbis: bf7c407c2cedff20999df2af8eb42d56 -> 
========================================================================
Received Prepare
Refreshing native plugins compatible for Editor in 39.84 ms, found 2 plugins.
Preloading 0 native plugins for Editor in 0.00 ms.
Unloading 27 Unused Serialized files (Serialized files now loaded: 0)
System memory in use before: 44.0 MB.
System memory in use after: 44.1 MB.

Unloading 27 unused Assets to reduce memory usage. Loaded Objects now: 2093.
Total: 36.008100 ms (FindLiveObjects: 0.489100 ms CreateObjectMapping: 0.275800 ms MarkObjects: 35.166500 ms  DeleteObjects: 0.073400 ms)

AssetImportParameters requested are different than current active one (requested -> active):
  custom:framework-win-MediaFoundation: 216162199b28c13a410421893ffa2e32 -> 
  custom:video-decoder-ogg-theora: a1e56fd34408186e4bbccfd4996cb3dc -> 
  custom:container-muxer-webm: aa71ff27fc2769a1b78a27578f13a17b -> 
  custom:container-demuxer-webm: 4f35f7cbe854078d1ac9338744f61a02 -> 
  custom:container-demuxer-ogg: 62fdf1f143b41e24485cea50d1cbac27 -> 
  custom:video-encoder-webm-vp8: eb34c28f22e8b96e1ab97ce403110664 -> 
  custom:video-decoder-webm-vp8: 9c59270c3fd7afecdb556c50c9e8de78 -> 
  custom:audio-decoder-ogg-vorbis: bf7c407c2cedff20999df2af8eb42d56 -> 
  custom:audio-encoder-webm-vorbis: bf7c407c2cedff20999df2af8eb42d56 -> 
AssetImportWorkerClient::OnTransportError - code=2 error=End of file
